<?xml version="1.0" encoding="UTF-8"?>
<!-- Generated by org.testng.reporters.JUnitReportReporter -->
<testsuite hostname="Nithiin" failures="0" tests="1" name="testCases.TC_02_ProductsPage_Test" time="0.562" errors="0" timestamp="2023-06-03T15:28:23 IST" skipped="0">
  <testcase classname="testCases.TC_02_ProductsPage_Test" name="test_products" time="0.562"/>
  <system-out/>
</testsuite> <!-- testCases.TC_02_ProductsPage_Test -->
