<?xml version="1.0" encoding="UTF-8"?>
<!-- Generated by org.testng.reporters.JUnitReportReporter -->
<testsuite hostname="Nithiin" failures="0" tests="1" name="testCases.TC_01_LoginPage_Test" time="0.374" errors="0" timestamp="2023-06-03T15:23:29 IST" skipped="0">
  <testcase classname="testCases.TC_01_LoginPage_Test" name="test_account_login" time="0.374"/>
  <system-out/>
</testsuite> <!-- testCases.TC_01_LoginPage_Test -->
